0 info it worked if it ends with ok
1 verbose cli [ 'C:\\Program Files\\nodejs\\node.exe',
1 verbose cli   'C:\\Users\\kykyle\\AppData\\Roaming\\npm\\node_modules\\npm\\bin\\npm-cli.js',
1 verbose cli   'start' ]
2 info using npm@4.0.5
3 info using node@v6.9.2
4 verbose run-script [ 'prestart', 'start', 'poststart' ]
5 info lifecycle chickenbus-backend@1.0.0~prestart: chickenbus-backend@1.0.0
6 silly lifecycle chickenbus-backend@1.0.0~prestart: no script for prestart, continuing
7 info lifecycle chickenbus-backend@1.0.0~start: chickenbus-backend@1.0.0
8 verbose lifecycle chickenbus-backend@1.0.0~start: unsafe-perm in lifecycle true
9 verbose lifecycle chickenbus-backend@1.0.0~start: PATH: C:\Users\kykyle\AppData\Roaming\npm\node_modules\npm\bin\node-gyp-bin;C:\Users\kykyle\Dropbox\Fall 17\COMP 523\ChickenBus-Backend\node_modules\.bin;C:\Users\kykyle\cmder\bin;C:\Users\kykyle\cmder\vendor\git-for-windows\cmd;C:\Users\kykyle\cmder\vendor\conemu-maximus5\ConEmu\Scripts;C:\Users\kykyle\cmder\vendor\conemu-maximus5;C:\Users\kykyle\cmder\vendor\conemu-maximus5\ConEmu;C:\Program Files (x86)\Python35-32\Scripts\;C:\Program Files (x86)\Python35-32\;C:\MinGW\bin;C:\MinGW\libexec\gcc\x86_64-pc-mingw32\5.3.0;C:\ProgramData\Oracle\Java\javapath;C:\Program Files (x86)\Intel\iCLS Client\;C:\Program Files\Intel\iCLS Client\;C:\Windows\system32;C:\Windows;C:\Windows\System32\Wbem;C:\Windows\System32\WindowsPowerShell\v1.0\;C:\Program Files\Intel\Intel(R) Management Engine Components\DAL;C:\Program Files\Intel\Intel(R) Management Engine Components\IPT;C:\Program Files (x86)\Intel\Intel(R) Management Engine Components\DAL;C:\Program Files (x86)\Intel\Intel(R) Management Engine Components\IPT;C:\Program Files\Intel\WiFi\bin\;C:\Program Files\Common Files\Intel\WirelessCommon\;C:\Program Files\Lenovo\Fingerprint Manager Pro\;C:\Program Files (x86)\PharosSystems\Core;C:\Program Files (x86)\QuickTime\QTSystem\;C:\Program Files (x86)\SMLNJ\bin\;C:\Program Files (x86)\Skype\Phone\;C:\Program Files\MySQL\MySQL Utilities 1.6\;C:\Program Files\nodejs\;C:\Program Files\MATLAB\R2016b\runtime\win64;C:\Program Files\MATLAB\R2016b\bin;C:\Program Files (x86)\PuTTY\;C:\Program Files (x86)\Intel\UCRT\;C:\Program Files\Intel\UCRT\;C:\Program Files (x86)\Lenovo\Password Manager\;C:\ProgramData\Oracle\Java\javapath;C:\Program Files (x86)\Intel\iCLS Client\;C:\Program Files\Intel\iCLS Client\;C:\Windows\system32;C:\Windows;C:\Windows\System32\Wbem;C:\Windows\System32\WindowsPowerShell\v1.0\;C:\Program Files\Intel\Intel(R) Management Engine Components\DAL;C:\Program Files\Intel\Intel(R) Management Engine Components\IPT;C:\Program Files (x86)\Intel\Intel(R) Management Engine Components\DAL;C:\Program Files (x86)\Intel\Intel(R) Management Engine Components\IPT;C:\Program Files\Intel\WiFi\bin\;C:\Program Files\Common Files\Intel\WirelessCommon\;C:\Program Files\Lenovo\Fingerprint Manager Pro\;C:\Program Files (x86)\PharosSystems\Core;C:\Program Files (x86)\QuickTime\QTSystem\;C:\Program Files\MATLAB\R2013a\runtime\win64;C:\Program Files\MATLAB\R2013a\bin;C:\Program Files (x86)\Skype\Phone\;C:\Program Files\Java\jdk1.8.0_25\bin;C:\Program Files\Java\jdk1.8.0_25\bin;C:\Program Files (x86)\SSH Communications Security\SSH Secure Shell;C:\Users\kykyle\AppData\Local\atom\bin;C:\Users\kykyle\AppData\Roaming\npm;C:\MongoDB\Server\3.4\bin;C:\Program Files\Carolina Cloud Apps;C:\Users\kykyle\cmder\vendor\git-for-windows\usr\bin;C:\Users\kykyle\cmder\vendor\git-for-windows\usr\share\vim\vim74;C:\Users\kykyle\cmder\
10 verbose lifecycle chickenbus-backend@1.0.0~start: CWD: C:\Users\kykyle\Dropbox\Fall 17\COMP 523\ChickenBus-Backend
11 silly lifecycle chickenbus-backend@1.0.0~start: Args: [ '/d /s /c',
11 silly lifecycle   'eslint server.js && eslint ./app/ && nodemon server.js' ]
12 silly lifecycle chickenbus-backend@1.0.0~start: Returned: code: 1  signal: null
13 info lifecycle chickenbus-backend@1.0.0~start: Failed to exec start script
14 verbose stack Error: chickenbus-backend@1.0.0 start: `eslint server.js && eslint ./app/ && nodemon server.js`
14 verbose stack Exit status 1
14 verbose stack     at EventEmitter.<anonymous> (C:\Users\kykyle\AppData\Roaming\npm\node_modules\npm\lib\utils\lifecycle.js:279:16)
14 verbose stack     at emitTwo (events.js:106:13)
14 verbose stack     at EventEmitter.emit (events.js:191:7)
14 verbose stack     at ChildProcess.<anonymous> (C:\Users\kykyle\AppData\Roaming\npm\node_modules\npm\lib\utils\spawn.js:40:14)
14 verbose stack     at emitTwo (events.js:106:13)
14 verbose stack     at ChildProcess.emit (events.js:191:7)
14 verbose stack     at maybeClose (internal/child_process.js:877:16)
14 verbose stack     at Process.ChildProcess._handle.onexit (internal/child_process.js:226:5)
15 verbose pkgid chickenbus-backend@1.0.0
16 verbose cwd C:\Users\kykyle\Dropbox\Fall 17\COMP 523\ChickenBus-Backend
17 error Windows_NT 6.3.9600
18 error argv "C:\\Program Files\\nodejs\\node.exe" "C:\\Users\\kykyle\\AppData\\Roaming\\npm\\node_modules\\npm\\bin\\npm-cli.js" "start"
19 error node v6.9.2
20 error npm  v4.0.5
21 error code ELIFECYCLE
22 error chickenbus-backend@1.0.0 start: `eslint server.js && eslint ./app/ && nodemon server.js`
22 error Exit status 1
23 error Failed at the chickenbus-backend@1.0.0 start script 'eslint server.js && eslint ./app/ && nodemon server.js'.
23 error Make sure you have the latest version of node.js and npm installed.
23 error If you do, this is most likely a problem with the chickenbus-backend package,
23 error not with npm itself.
23 error Tell the author that this fails on your system:
23 error     eslint server.js && eslint ./app/ && nodemon server.js
23 error You can get information on how to open an issue for this project with:
23 error     npm bugs chickenbus-backend
23 error Or if that isn't available, you can get their info via:
23 error     npm owner ls chickenbus-backend
23 error There is likely additional logging output above.
24 verbose exit [ 1, true ]
